# JRE version: OpenJDK Runtime Environment Temurin-17.0.6+10 (17.0.6+10) (build 17.0.6+10)
# Java VM: OpenJDK 64-Bit Server VM Temurin-17.0.6+10 (17.0.6+10, mixed mode, tiered, compressed oops, compressed class ptrs, g1 gc, windows-amd64)
GC Precious Log:
 CPUs: 4 total, 4 available
 Memory: 7932M
 Large Page Support: Disabled
 NUMA Support: Disabled
 Compressed Oops: Enabled (32-bit)
 Heap Region Size: 1M
 Heap Min Capacity: 8M
 Heap Initial Capacity: 124M
 Heap Max Capacity: 1984M
 Pre-touch: Disabled
 Parallel Workers: 4
 Concurrent Workers: 1
 Concurrent Refinement Workers: 4
 Periodic GC: Disabled
Heap:
 garbage-first heap   total 77824K, used 30845K [0x0000000084000000, 0x0000000100000000)
  region size 1024K, 20 young (20480K), 5 survivors (5120K)
 Metaspace       used 27515K, committed 27712K, reserved 1081344K
  class space    used 2735K, committed 2816K, reserved 1048576K
GC Heap History (20 events):
Event: 1.496 GC heap before
{Heap before GC invocations=2 (full 0):
 garbage-first heap   total 126976K, used 32950K [0x0000000084000000, 0x0000000100000000)
  region size 1024K, 29 young (29696K), 1 survivors (1024K)
 Metaspace       used 20500K, committed 20672K, reserved 1073152K
  class space    used 2157K, committed 2240K, reserved 1048576K
}
Event: 1.502 GC heap after
{Heap after GC invocations=3 (full 0):
 garbage-first heap   total 126976K, used 6123K [0x0000000084000000, 0x0000000100000000)
  region size 1024K, 3 young (3072K), 3 survivors (3072K)
 Metaspace       used 20500K, committed 20672K, reserved 1073152K
  class space    used 2157K, committed 2240K, reserved 1048576K
}
Event: 1.594 GC heap before
{Heap before GC invocations=3 (full 0):
 garbage-first heap   total 126976K, used 9195K [0x0000000084000000, 0x0000000100000000)
  region size 1024K, 7 young (7168K), 3 survivors (3072K)
 Metaspace       used 21317K, committed 21504K, reserved 1073152K
  class space    used 2247K, committed 2368K, reserved 1048576K
}
Event: 1.598 GC heap after
{Heap after GC invocations=4 (full 0):
 garbage-first heap   total 126976K, used 6486K [0x0000000084000000, 0x0000000100000000)
  region size 1024K, 3 young (3072K), 3 survivors (3072K)
 Metaspace       used 21317K, committed 21504K, reserved 1073152K
  class space    used 2247K, committed 2368K, reserved 1048576K
}
Event: 1.884 GC heap before
{Heap before GC invocations=5 (full 0):
 garbage-first heap   total 27648K, used 19798K [0x0000000084000000, 0x0000000100000000)
  region size 1024K, 17 young (17408K), 3 survivors (3072K)
 Metaspace       used 22262K, committed 22464K, reserved 1073152K
  class space    used 2323K, committed 2432K, reserved 1048576K
}
Event: 1.893 GC heap after
{Heap after GC invocations=6 (full 0):
 garbage-first heap   total 27648K, used 8736K [0x0000000084000000, 0x0000000100000000)
  region size 1024K, 5 young (5120K), 5 survivors (5120K)
 Metaspace       used 22262K, committed 22464K, reserved 1073152K
  class space    used 2323K, committed 2432K, reserved 1048576K
}
Event: 1.929 GC heap before
{Heap before GC invocations=6 (full 0):
 garbage-first heap   total 27648K, used 9760K [0x0000000084000000, 0x0000000100000000)
  region size 1024K, 6 young (6144K), 5 survivors (5120K)
 Metaspace       used 22493K, committed 22656K, reserved 1073152K
  class space    used 2341K, committed 2432K, reserved 1048576K
}
Event: 1.936 GC heap after
{Heap after GC invocations=7 (full 0):
 garbage-first heap   total 27648K, used 9167K [0x0000000084000000, 0x0000000100000000)
  region size 1024K, 1 young (1024K), 1 survivors (1024K)
 Metaspace       used 22493K, committed 22656K, reserved 1073152K
  class space    used 2341K, committed 2432K, reserved 1048576K
}
Event: 2.058 GC heap before
{Heap before GC invocations=7 (full 0):
 garbage-first heap   total 27648K, used 18383K [0x0000000084000000, 0x0000000100000000)
  region size 1024K, 10 young (10240K), 1 survivors (1024K)
 Metaspace       used 22677K, committed 22848K, reserved 1073152K
  class space    used 2356K, committed 2432K, reserved 1048576K
}
Event: 2.060 GC heap after
{Heap after GC invocations=8 (full 0):
 garbage-first heap   total 27648K, used 9561K [0x0000000084000000, 0x0000000100000000)
  region size 1024K, 2 young (2048K), 2 survivors (2048K)
 Metaspace       used 22677K, committed 22848K, reserved 1073152K
  class space    used 2356K, committed 2432K, reserved 1048576K
}
Event: 2.176 GC heap before
{Heap before GC invocations=8 (full 0):
 garbage-first heap   total 27648K, used 18777K [0x0000000084000000, 0x0000000100000000)
  region size 1024K, 11 young (11264K), 2 survivors (2048K)
 Metaspace       used 22813K, committed 22976K, reserved 1073152K
  class space    used 2365K, committed 2496K, reserved 1048576K
}
Event: 2.180 GC heap after
{Heap after GC invocations=9 (full 0):
 garbage-first heap   total 77824K, used 10382K [0x0000000084000000, 0x0000000100000000)
  region size 1024K, 2 young (2048K), 2 survivors (2048K)
 Metaspace       used 22813K, committed 22976K, reserved 1073152K
  class space    used 2365K, committed 2496K, reserved 1048576K
}
Event: 2.783 GC heap before
{Heap before GC invocations=9 (full 0):
 garbage-first heap   total 77824K, used 49294K [0x0000000084000000, 0x0000000100000000)
  region size 1024K, 40 young (40960K), 2 survivors (2048K)
 Metaspace       used 23375K, committed 23552K, reserved 1073152K
  class space    used 2387K, committed 2496K, reserved 1048576K
}
Event: 2.789 GC heap after
{Heap after GC invocations=10 (full 0):
 garbage-first heap   total 77824K, used 12193K [0x0000000084000000, 0x0000000100000000)
  region size 1024K, 4 young (4096K), 4 survivors (4096K)
 Metaspace       used 23375K, committed 23552K, reserved 1073152K
  class space    used 2387K, committed 2496K, reserved 1048576K
}
Event: 3.033 GC heap before
{Heap before GC invocations=10 (full 0):
 garbage-first heap   total 77824K, used 45985K [0x0000000084000000, 0x0000000100000000)
  region size 1024K, 18 young (18432K), 4 survivors (4096K)
 Metaspace       used 24445K, committed 24640K, reserved 1073152K
  class space    used 2486K, committed 2560K, reserved 1048576K
}
Event: 3.038 GC heap after
{Heap after GC invocations=11 (full 0):
 garbage-first heap   total 77824K, used 33592K [0x0000000084000000, 0x0000000100000000)
  region size 1024K, 4 young (4096K), 4 survivors (4096K)
 Metaspace       used 24445K, committed 24640K, reserved 1073152K
  class space    used 2486K, committed 2560K, reserved 1048576K
}
Event: 3.283 GC heap before
{Heap before GC invocations=11 (full 0):
 garbage-first heap   total 77824K, used 66360K [0x0000000084000000, 0x0000000100000000)
  region size 1024K, 26 young (26624K), 4 survivors (4096K)
 Metaspace       used 24652K, committed 24832K, reserved 1073152K
  class space    used 2490K, committed 2560K, reserved 1048576K
}
Event: 3.288 GC heap after
{Heap after GC invocations=12 (full 0):
 garbage-first heap   total 77824K, used 14631K [0x0000000084000000, 0x0000000100000000)
  region size 1024K, 3 young (3072K), 3 survivors (3072K)
 Metaspace       used 24652K, committed 24832K, reserved 1073152K
  class space    used 2490K, committed 2560K, reserved 1048576K
}
Event: 4.035 GC heap before
{Heap before GC invocations=12 (full 0):
 garbage-first heap   total 77824K, used 56615K [0x0000000084000000, 0x0000000100000000)
  region size 1024K, 44 young (45056K), 3 survivors (3072K)
 Metaspace       used 26585K, committed 26880K, reserved 1073152K
  class space    used 2651K, committed 2816K, reserved 1048576K
}
Event: 4.041 GC heap after
{Heap after GC invocations=13 (full 0):
 garbage-first heap   total 77824K, used 16509K [0x0000000084000000, 0x0000000100000000)
  region size 1024K, 5 young (5120K), 5 survivors (5120K)
 Metaspace       used 26585K, committed 26880K, reserved 1073152K
  class space    used 2651K, committed 2816K, reserved 1048576K
}

